(0.001) 
            SELECT name, type FROM sqlite_master
            WHERE type in ('table', 'view') AND NOT name='sqlite_sequence'
            ORDER BY name; args=None
(0.000) SELECT "django_migrations"."app", "django_migrations"."name" FROM "django_migrations"; args=()
(0.001) SELECT "django_session"."session_key", "django_session"."session_data", "django_session"."expire_date" FROM "django_session" WHERE ("django_session"."expire_date" > '2018-12-15 09:26:29.857213' AND "django_session"."session_key" = '4csfj2qlnq7j09s4ade0gxx6nw5psx8v'); args=('2018-12-15 09:26:29.857213', '4csfj2qlnq7j09s4ade0gxx6nw5psx8v')
(0.000) SELECT "auth_user"."id", "auth_user"."password", "auth_user"."last_login", "auth_user"."is_superuser", "auth_user"."username", "auth_user"."first_name", "auth_user"."last_name", "auth_user"."email", "auth_user"."is_staff", "auth_user"."is_active", "auth_user"."date_joined" FROM "auth_user" WHERE "auth_user"."id" = 1; args=(1,)
(0.000) SELECT "shop_pizzatype"."id", "shop_pizzatype"."type_pizza", "shop_pizzatype"."name", "shop_pizzatype"."name_slug", "shop_pizzatype"."desc", "shop_pizzatype"."image", "shop_pizzatype"."cost" FROM "shop_pizzatype"; args=()
(0.000) SELECT "thumbnail_kvstore"."key", "thumbnail_kvstore"."value" FROM "thumbnail_kvstore" WHERE "thumbnail_kvstore"."key" = 'sorl-thumbnail||image||c18fc18c90a1878a546f94764df09659'; args=('sorl-thumbnail||image||c18fc18c90a1878a546f94764df09659',)
(0.000) SELECT "thumbnail_kvstore"."key", "thumbnail_kvstore"."value" FROM "thumbnail_kvstore" WHERE "thumbnail_kvstore"."key" = 'sorl-thumbnail||image||c39c5a68d15b50a01c3da6c1924a51e9'; args=('sorl-thumbnail||image||c39c5a68d15b50a01c3da6c1924a51e9',)
(0.000) SELECT "thumbnail_kvstore"."key", "thumbnail_kvstore"."value" FROM "thumbnail_kvstore" WHERE "thumbnail_kvstore"."key" = 'sorl-thumbnail||image||70e9500bc69909e7903978a0dbd70f5e'; args=('sorl-thumbnail||image||70e9500bc69909e7903978a0dbd70f5e',)
"GET / HTTP/1.1" 200 5323
"GET /static/prj.js HTTP/1.1" 304 0
(0.001) SELECT "django_session"."session_key", "django_session"."session_data", "django_session"."expire_date" FROM "django_session" WHERE ("django_session"."expire_date" > '2018-12-15 09:26:32.972798' AND "django_session"."session_key" = '4csfj2qlnq7j09s4ade0gxx6nw5psx8v'); args=('2018-12-15 09:26:32.972798', '4csfj2qlnq7j09s4ade0gxx6nw5psx8v')
(0.000) SELECT "auth_user"."id", "auth_user"."password", "auth_user"."last_login", "auth_user"."is_superuser", "auth_user"."username", "auth_user"."first_name", "auth_user"."last_name", "auth_user"."email", "auth_user"."is_staff", "auth_user"."is_active", "auth_user"."date_joined" FROM "auth_user" WHERE "auth_user"."id" = 1; args=(1,)
(0.000) SELECT "shop_pizzatype"."id", "shop_pizzatype"."type_pizza", "shop_pizzatype"."name", "shop_pizzatype"."name_slug", "shop_pizzatype"."desc", "shop_pizzatype"."image", "shop_pizzatype"."cost" FROM "shop_pizzatype"; args=()
"GET / HTTP/1.1" 200 5323
(0.001) 
            SELECT name, type FROM sqlite_master
            WHERE type in ('table', 'view') AND NOT name='sqlite_sequence'
            ORDER BY name; args=None
(0.000) SELECT "django_migrations"."app", "django_migrations"."name" FROM "django_migrations"; args=()
(0.001) SELECT "django_session"."session_key", "django_session"."session_data", "django_session"."expire_date" FROM "django_session" WHERE ("django_session"."expire_date" > '2018-12-15 09:32:25.764290' AND "django_session"."session_key" = '4csfj2qlnq7j09s4ade0gxx6nw5psx8v'); args=('2018-12-15 09:32:25.764290', '4csfj2qlnq7j09s4ade0gxx6nw5psx8v')
(0.000) SELECT "auth_user"."id", "auth_user"."password", "auth_user"."last_login", "auth_user"."is_superuser", "auth_user"."username", "auth_user"."first_name", "auth_user"."last_name", "auth_user"."email", "auth_user"."is_staff", "auth_user"."is_active", "auth_user"."date_joined" FROM "auth_user" WHERE "auth_user"."id" = 1; args=(1,)
(0.001) SELECT "shop_pizzatype"."id", "shop_pizzatype"."type_pizza", "shop_pizzatype"."name", "shop_pizzatype"."name_slug", "shop_pizzatype"."desc", "shop_pizzatype"."image", "shop_pizzatype"."cost" FROM "shop_pizzatype"; args=()
(0.000) SELECT "thumbnail_kvstore"."key", "thumbnail_kvstore"."value" FROM "thumbnail_kvstore" WHERE "thumbnail_kvstore"."key" = 'sorl-thumbnail||image||c18fc18c90a1878a546f94764df09659'; args=('sorl-thumbnail||image||c18fc18c90a1878a546f94764df09659',)
(0.000) SELECT "thumbnail_kvstore"."key", "thumbnail_kvstore"."value" FROM "thumbnail_kvstore" WHERE "thumbnail_kvstore"."key" = 'sorl-thumbnail||image||c39c5a68d15b50a01c3da6c1924a51e9'; args=('sorl-thumbnail||image||c39c5a68d15b50a01c3da6c1924a51e9',)
(0.000) SELECT "thumbnail_kvstore"."key", "thumbnail_kvstore"."value" FROM "thumbnail_kvstore" WHERE "thumbnail_kvstore"."key" = 'sorl-thumbnail||image||70e9500bc69909e7903978a0dbd70f5e'; args=('sorl-thumbnail||image||70e9500bc69909e7903978a0dbd70f5e',)
"GET / HTTP/1.1" 200 5323
"GET /static/prj.js HTTP/1.1" 304 0
Something went wrong!
Something went wrong!
Something went wrong!
Something went wrong!
Something went wrong!
Something went wrong!
Something went wrong!
